<?xml version="1.0" encoding="UTF-8"?>
<testsuites name="Calculators" time="25" tests="3" failures="0" errors="1">
   <testsuite name="Calculators" tests="3" failures="0" errors="1" time="25" timestamp="2019-04-18 11:59:39" hostname="sthokala - 10.12.51.212" id="Test Suites/Calculators">
      <properties>
         <property name="deviceName" value=""/>
         <property name="devicePlatform" value=""/>
         <property name="logFolder" value="/Users/sthokala/Katalon Studio/Calculator/Reports/Calculators/20190418_115938"/>
         <property name="logFiles" value="/Users/sthokala/Katalon Studio/Calculator/Reports/Calculators/20190418_115938/execution0.log"/>
         <property name="attachments" value="/Users/sthokala/Documents/DRCalculator.png, /Users/sthokala/Documents/MFCalculator.png, /Users/sthokala/Documents/ProdDRCalculator.png"/>
         <property name="hostName" value="sthokala - 10.12.51.212"/>
         <property name="os" value="Mac OS X 64bit"/>
         <property name="katalonVersion" value="6.1.1.1"/>
         <property name="browser" value="Chrome 73.0.3683.103"/>
         <property name="hostAddress" value="10.12.51.212"/>
         <property name="sessionId" value="1483cd12d24b5ea68add9f8d05a78f81"/>
         <property name="seleniumVersion" value="3.7.1"/>
         <property name="proxyInformation" value="ProxyInformation{proxyOption=NO_PROXY, proxyServerType=HTTP, password=, proxyServerAddress=, proxyServerPort=0}"/>
         <property name="platform" value="Mac OS X"/>
      </properties>
      <testcase name="Test Cases/DividendReinvestmentCalc" classname="Test Cases/DividendReinvestmentCalc" status="PASSED">
         <system-out><![CDATA[2019-04-18 11:59:40 - [TEST_CASE][PASSED] - Test Cases/DividendReinvestmentCalc: Test Cases/DividendReinvestmentCalc

2019-04-18 11:59:40 - [TEST_STEP][PASSED] - openBrowser("https://calc.crafton.ocweb.team/dividend-reinvestment/"): Browser is opened with url: 'https://calc.crafton.ocweb.team/dividend-reinvestment/'

2019-04-18 11:59:40 - [MESSAGE][INFO] - Starting 'Chrome' driver

2019-04-18 11:59:40 - [MESSAGE][INFO] - Action delay is set to 0 seconds

2019-04-18 11:59:42 - [MESSAGE][PASSED] - Browser is opened with url: 'https://calc.crafton.ocweb.team/dividend-reinvestment/'

2019-04-18 11:59:42 - [TEST_STEP][PASSED] - driver = getWebDriver(): null

2019-04-18 11:59:42 - [TEST_STEP][PASSED] - baseUrl = "https://calc.crafton.ocweb.team/dividend-reinvestment/": null

2019-04-18 11:59:42 - [TEST_STEP][PASSED] - selenium = new com.thoughtworks.selenium.webdriven.WebDriverBackedSelenium(driver, baseUrl): null

2019-04-18 11:59:42 - [TEST_STEP][PASSED] - selenium.open("https://calc.crafton.ocweb.team/dividend-reinvestment/"): null

2019-04-18 11:59:43 - [TEST_STEP][PASSED] - selenium.click("id=initialNumberOfShares"): null

2019-04-18 11:59:43 - [TEST_STEP][PASSED] - selenium.type("id=initialNumberOfShares", "200"): null

2019-04-18 11:59:43 - [TEST_STEP][PASSED] - selenium.click("id=initialPriceOfShares"): null

2019-04-18 11:59:43 - [TEST_STEP][PASSED] - selenium.type("id=initialPriceOfShares", "234"): null

2019-04-18 11:59:43 - [TEST_STEP][PASSED] - selenium.click("id=annualDividend"): null

2019-04-18 11:59:43 - [TEST_STEP][PASSED] - selenium.type("id=annualDividend", "23432"): null

2019-04-18 11:59:43 - [TEST_STEP][PASSED] - selenium.click("id=dividendAnnualGrowthRate"): null

2019-04-18 11:59:43 - [TEST_STEP][PASSED] - selenium.type("id=dividendAnnualGrowthRate", "43"): null

2019-04-18 11:59:43 - [TEST_STEP][PASSED] - selenium.click("id=stockPriceAnnualGrowthRate"): null

2019-04-18 11:59:43 - [TEST_STEP][PASSED] - selenium.type("id=stockPriceAnnualGrowthRate", "23"): null

2019-04-18 11:59:43 - [TEST_STEP][PASSED] - selenium.click("id=numberOfYears"): null

2019-04-18 11:59:43 - [TEST_STEP][PASSED] - selenium.type("id=numberOfYears", "3"): null

2019-04-18 11:59:43 - [TEST_STEP][PASSED] - selenium.click("id=numOfReinvestmentPerYear"): null

2019-04-18 11:59:43 - [TEST_STEP][PASSED] - selenium.select("id=numOfReinvestmentPerYear", "label=3"): null

2019-04-18 11:59:44 - [TEST_STEP][PASSED] - selenium.click("id=dividend-reinvestment-calculate"): null

2019-04-18 11:59:44 - [TEST_STEP][PASSED] - selenium.click("name=s"): null

2019-04-18 11:59:44 - [TEST_STEP][PASSED] - takeScreenshot("/Users/sthokala/Documents/DRCalculator.png"): Taking screenshot successfully

2019-04-18 11:59:44 - [MESSAGE][PASSED] - Taking screenshot successfully
[[ATTACHMENT|/Users/sthokala/Documents/DRCalculator.png]]

2019-04-18 11:59:44 - [TEST_STEP][PASSED] - selenium.close(): null]]></system-out>
         <system-err><![CDATA[]]></system-err>
      </testcase>
      <testcase name="Test Cases/MutualFundCalc" classname="Test Cases/MutualFundCalc" status="PASSED">
         <system-out><![CDATA[2019-04-18 11:59:45 - [TEST_CASE][PASSED] - Test Cases/MutualFundCalc: Test Cases/MutualFundCalc

2019-04-18 11:59:45 - [TEST_STEP][PASSED] - openBrowser("https://calc.crafton.ocweb.team/mutual-fund/"): Browser is opened with url: 'https://calc.crafton.ocweb.team/mutual-fund/'

2019-04-18 11:59:45 - [MESSAGE][WARNING] - A browser is already opened. Closing browser and opening a new one

2019-04-18 11:59:45 - [MESSAGE][INFO] - Starting 'Chrome' driver

2019-04-18 11:59:47 - [MESSAGE][PASSED] - Browser is opened with url: 'https://calc.crafton.ocweb.team/mutual-fund/'

2019-04-18 11:59:47 - [TEST_STEP][PASSED] - driver = getWebDriver(): null

2019-04-18 11:59:47 - [TEST_STEP][PASSED] - baseUrl = "https://calc.crafton.ocweb.team/mutual-fund/": null

2019-04-18 11:59:47 - [TEST_STEP][PASSED] - selenium = new com.thoughtworks.selenium.webdriven.WebDriverBackedSelenium(driver, baseUrl): null

2019-04-18 11:59:47 - [TEST_STEP][PASSED] - selenium.open("https://calc.crafton.ocweb.team/mutual-fund/"): null

2019-04-18 11:59:47 - [TEST_STEP][PASSED] - selenium.click("id=years"): null

2019-04-18 11:59:47 - [TEST_STEP][PASSED] - selenium.type("id=years", "45"): null

2019-04-18 11:59:47 - [TEST_STEP][PASSED] - selenium.click("id=rateOfReturn"): null

2019-04-18 11:59:47 - [TEST_STEP][PASSED] - selenium.type("id=rateOfReturn", "5"): null

2019-04-18 11:59:47 - [TEST_STEP][PASSED] - selenium.click("xpath=(.//*[normalize-space(text()) and normalize-space(.)='Rate of Return:'])[1]/following::div[2]"): null

2019-04-18 11:59:47 - [TEST_STEP][PASSED] - selenium.click("xpath=(.//*[normalize-space(text()) and normalize-space(.)='Rate of Return:'])[1]/following::div[2]"): null

2019-04-18 11:59:47 - [TEST_STEP][PASSED] - selenium.click("xpath=(.//*[normalize-space(text()) and normalize-space(.)='Rate of Return:'])[1]/following::div[2]"): null

2019-04-18 11:59:47 - [TEST_STEP][PASSED] - selenium.type("id=initialInvestment", "500000"): null

2019-04-18 11:59:47 - [TEST_STEP][PASSED] - selenium.click("xpath=(.//*[normalize-space(text()) and normalize-space(.)='Initial Investment:'])[1]/following::div[2]"): null

2019-04-18 11:59:47 - [TEST_STEP][PASSED] - selenium.type("id=annualInvestments", "2000"): null

2019-04-18 11:59:47 - [TEST_STEP][PASSED] - selenium.click("xpath=(.//*[normalize-space(text()) and normalize-space(.)='Annual Investments:'])[1]/following::div[2]"): null

2019-04-18 11:59:47 - [TEST_STEP][PASSED] - selenium.type("id=inflationRate", "2"): null

2019-04-18 11:59:48 - [TEST_STEP][PASSED] - selenium.click("xpath=(.//*[normalize-space(text()) and normalize-space(.)='Inflation Rate:'])[1]/following::div[2]"): null

2019-04-18 11:59:48 - [TEST_STEP][PASSED] - selenium.click("xpath=(.//*[normalize-space(text()) and normalize-space(.)='Inflation Rate:'])[1]/following::label[1]"): null

2019-04-18 11:59:48 - [TEST_STEP][PASSED] - selenium.type("id=taxRate", "34"): null

2019-04-18 11:59:48 - [TEST_STEP][PASSED] - selenium.click("id=investment-return-calculate"): null

2019-04-18 11:59:48 - [TEST_STEP][PASSED] - selenium.click("name=s"): null

2019-04-18 11:59:48 - [TEST_STEP][PASSED] - takeScreenshot("/Users/sthokala/Documents/MFCalculator.png"): Taking screenshot successfully

2019-04-18 11:59:48 - [MESSAGE][PASSED] - Taking screenshot successfully
[[ATTACHMENT|/Users/sthokala/Documents/MFCalculator.png]]

2019-04-18 11:59:48 - [TEST_STEP][PASSED] - closeBrowser(): Browser is closed

2019-04-18 11:59:48 - [MESSAGE][PASSED] - Browser is closed]]></system-out>
         <system-err><![CDATA[]]></system-err>
      </testcase>
      <testcase name="Test Cases/Prod_MutualFund" classname="Test Cases/Prod_MutualFund" status="ERROR">
         <error type="ERROR" message="Test Cases/Prod_MutualFund FAILED.
Reason:
com.thoughtworks.selenium.SeleniumException: Element xpath=(.//*[normalize-space(text()) and normalize-space(.)='Investment Return Calculator'])[1]/following::div[2] not found
	at com.thoughtworks.selenium.webdriven.ElementFinder.findElement(ElementFinder.java:93)
	at com.thoughtworks.selenium.webdriven.commands.Click.handleSeleneseCommand(Click.java:39)
	at com.thoughtworks.selenium.webdriven.commands.Click.handleSeleneseCommand(Click.java:26)
	at com.thoughtworks.selenium.webdriven.SeleneseCommand.apply(SeleneseCommand.java:36)
	at com.thoughtworks.selenium.webdriven.Timer.run(Timer.java:41)
	at com.thoughtworks.selenium.webdriven.WebDriverCommandProcessor.execute(WebDriverCommandProcessor.java:150)
	at com.thoughtworks.selenium.webdriven.WebDriverCommandProcessor.doCommand(WebDriverCommandProcessor.java:76)
	at com.thoughtworks.selenium.DefaultSelenium.click(DefaultSelenium.java:198)
	at com.thoughtworks.selenium.Selenium$click$0.call(Unknown Source)
	at Prod_MutualFund.run(Prod_MutualFund:37)
	at com.kms.katalon.core.main.ScriptEngine.run(ScriptEngine.java:194)
	at com.kms.katalon.core.main.ScriptEngine.runScriptAsRawText(ScriptEngine.java:119)
	at com.kms.katalon.core.main.TestCaseExecutor.runScript(TestCaseExecutor.java:342)
	at com.kms.katalon.core.main.TestCaseExecutor.doExecute(TestCaseExecutor.java:333)
	at com.kms.katalon.core.main.TestCaseExecutor.processExecutionPhase(TestCaseExecutor.java:312)
	at com.kms.katalon.core.main.TestCaseExecutor.accessMainPhase(TestCaseExecutor.java:304)
	at com.kms.katalon.core.main.TestCaseExecutor.execute(TestCaseExecutor.java:238)
	at com.kms.katalon.core.main.TestSuiteExecutor.accessTestCaseMainPhase(TestSuiteExecutor.java:129)
	at com.kms.katalon.core.main.TestSuiteExecutor.accessTestSuiteMainPhase(TestSuiteExecutor.java:112)
	at com.kms.katalon.core.main.TestSuiteExecutor.execute(TestSuiteExecutor.java:81)
	at com.kms.katalon.core.main.TestCaseMain.startTestSuite(TestCaseMain.java:157)
	at com.kms.katalon.core.main.TestCaseMain$startTestSuite$0.call(Unknown Source)
	at TempTestSuite1555603178299.run(TempTestSuite1555603178299.groovy:35)
Caused by: org.openqa.selenium.NoSuchElementException: Cannot find an element with the xpath: (.//*[normalize-space(text()) and normalize-space(.)='Investment Return Calculator'])[1]/following::div[2]
For documentation on this error, please visit: http://seleniumhq.org/exceptions/no_such_element.html
Build info: version: '3.7.1', revision: '8a0099a', time: '2017-11-06T21:07:36.161Z'
System info: host: 'M-1719', ip: 'fe80:0:0:0:1804:679b:94b1:c741%en0', os.name: 'Mac OS X', os.arch: 'x86_64', os.version: '10.13.6', java.version: '1.8.0_181'
Driver info: driver.version: unknown
	at com.thoughtworks.selenium.webdriven.ElementFinder.xpathWizardry(ElementFinder.java:143)
	at com.thoughtworks.selenium.webdriven.ElementFinder.findElementDirectlyIfNecessary(ElementFinder.java:114)
	at com.thoughtworks.selenium.webdriven.ElementFinder.findElement(ElementFinder.java:87)
	at com.thoughtworks.selenium.webdriven.commands.Click.handleSeleneseCommand(Click.java:39)
	at com.thoughtworks.selenium.webdriven.commands.Click.handleSeleneseCommand(Click.java:26)
	at com.thoughtworks.selenium.webdriven.SeleneseCommand.apply(SeleneseCommand.java:36)
	at com.thoughtworks.selenium.webdriven.Timer.run(Timer.java:41)
	at com.thoughtworks.selenium.webdriven.WebDriverCommandProcessor.execute(WebDriverCommandProcessor.java:150)
	at com.thoughtworks.selenium.webdriven.WebDriverCommandProcessor.doCommand(WebDriverCommandProcessor.java:76)
	at com.thoughtworks.selenium.DefaultSelenium.click(DefaultSelenium.java:198)
	at com.thoughtworks.selenium.Selenium$click$0.call(Unknown Source)
	at Script1555597486267.run(Script1555597486267.groovy:37)
	... 13 more
"/>
         <system-out><![CDATA[2019-04-18 11:59:48 - [TEST_CASE][ERROR] - Test Cases/Prod_MutualFund: Test Cases/Prod_MutualFund FAILED.
Reason:
com.thoughtworks.selenium.SeleniumException: Element xpath=(.//*[normalize-space(text()) and normalize-space(.)='Investment Return Calculator'])[1]/following::div[2] not found
	at com.thoughtworks.selenium.webdriven.ElementFinder.findElement(ElementFinder.java:93)
	at com.thoughtworks.selenium.webdriven.commands.Click.handleSeleneseCommand(Click.java:39)
	at com.thoughtworks.selenium.webdriven.commands.Click.handleSeleneseCommand(Click.java:26)
	at com.thoughtworks.selenium.webdriven.SeleneseCommand.apply(SeleneseCommand.java:36)
	at com.thoughtworks.selenium.webdriven.Timer.run(Timer.java:41)
	at com.thoughtworks.selenium.webdriven.WebDriverCommandProcessor.execute(WebDriverCommandProcessor.java:150)
	at com.thoughtworks.selenium.webdriven.WebDriverCommandProcessor.doCommand(WebDriverCommandProcessor.java:76)
	at com.thoughtworks.selenium.DefaultSelenium.click(DefaultSelenium.java:198)
	at com.thoughtworks.selenium.Selenium$click$0.call(Unknown Source)
	at Prod_MutualFund.run(Prod_MutualFund:37)
	at com.kms.katalon.core.main.ScriptEngine.run(ScriptEngine.java:194)
	at com.kms.katalon.core.main.ScriptEngine.runScriptAsRawText(ScriptEngine.java:119)
	at com.kms.katalon.core.main.TestCaseExecutor.runScript(TestCaseExecutor.java:342)
	at com.kms.katalon.core.main.TestCaseExecutor.doExecute(TestCaseExecutor.java:333)
	at com.kms.katalon.core.main.TestCaseExecutor.processExecutionPhase(TestCaseExecutor.java:312)
	at com.kms.katalon.core.main.TestCaseExecutor.accessMainPhase(TestCaseExecutor.java:304)
	at com.kms.katalon.core.main.TestCaseExecutor.execute(TestCaseExecutor.java:238)
	at com.kms.katalon.core.main.TestSuiteExecutor.accessTestCaseMainPhase(TestSuiteExecutor.java:129)
	at com.kms.katalon.core.main.TestSuiteExecutor.accessTestSuiteMainPhase(TestSuiteExecutor.java:112)
	at com.kms.katalon.core.main.TestSuiteExecutor.execute(TestSuiteExecutor.java:81)
	at com.kms.katalon.core.main.TestCaseMain.startTestSuite(TestCaseMain.java:157)
	at com.kms.katalon.core.main.TestCaseMain$startTestSuite$0.call(Unknown Source)
	at TempTestSuite1555603178299.run(TempTestSuite1555603178299.groovy:35)
Caused by: org.openqa.selenium.NoSuchElementException: Cannot find an element with the xpath: (.//*[normalize-space(text()) and normalize-space(.)='Investment Return Calculator'])[1]/following::div[2]
For documentation on this error, please visit: http://seleniumhq.org/exceptions/no_such_element.html
Build info: version: '3.7.1', revision: '8a0099a', time: '2017-11-06T21:07:36.161Z'
System info: host: 'M-1719', ip: 'fe80:0:0:0:1804:679b:94b1:c741%en0', os.name: 'Mac OS X', os.arch: 'x86_64', os.version: '10.13.6', java.version: '1.8.0_181'
Driver info: driver.version: unknown
	at com.thoughtworks.selenium.webdriven.ElementFinder.xpathWizardry(ElementFinder.java:143)
	at com.thoughtworks.selenium.webdriven.ElementFinder.findElementDirectlyIfNecessary(ElementFinder.java:114)
	at com.thoughtworks.selenium.webdriven.ElementFinder.findElement(ElementFinder.java:87)
	at com.thoughtworks.selenium.webdriven.commands.Click.handleSeleneseCommand(Click.java:39)
	at com.thoughtworks.selenium.webdriven.commands.Click.handleSeleneseCommand(Click.java:26)
	at com.thoughtworks.selenium.webdriven.SeleneseCommand.apply(SeleneseCommand.java:36)
	at com.thoughtworks.selenium.webdriven.Timer.run(Timer.java:41)
	at com.thoughtworks.selenium.webdriven.WebDriverCommandProcessor.execute(WebDriverCommandProcessor.java:150)
	at com.thoughtworks.selenium.webdriven.WebDriverCommandProcessor.doCommand(WebDriverCommandProcessor.java:76)
	at com.thoughtworks.selenium.DefaultSelenium.click(DefaultSelenium.java:198)
	at com.thoughtworks.selenium.Selenium$click$0.call(Unknown Source)
	at Script1555597486267.run(Script1555597486267.groovy:37)
	... 13 more


2019-04-18 11:59:49 - [TEST_STEP][PASSED] - openBrowser("https://wealthyretirement.com/mutual-fund-calculator/"): Browser is opened with url: 'https://wealthyretirement.com/mutual-fund-calculator/'

2019-04-18 11:59:49 - [MESSAGE][INFO] - Starting 'Chrome' driver

2019-04-18 11:59:57 - [MESSAGE][PASSED] - Browser is opened with url: 'https://wealthyretirement.com/mutual-fund-calculator/'

2019-04-18 11:59:57 - [TEST_STEP][PASSED] - driver = getWebDriver(): null

2019-04-18 11:59:57 - [TEST_STEP][PASSED] - baseUrl = "https://wealthyretirement.com/mutual-fund-calculator/": null

2019-04-18 11:59:57 - [TEST_STEP][PASSED] - selenium = new com.thoughtworks.selenium.webdriven.WebDriverBackedSelenium(driver, baseUrl): null

2019-04-18 11:59:57 - [TEST_STEP][PASSED] - selenium.open("https://wealthyretirement.com/mutual-fund-calculator/"): null

2019-04-18 11:59:58 - [TEST_STEP][PASSED] - selenium.selectFrame("index=0"): null

2019-04-18 11:59:58 - [TEST_STEP][ERROR] - selenium.click("xpath=(.//*[normalize-space(text()) and normalize-space(.)='Investment Return Calculator'])[1]/following::div[2]"): selenium.click("xpath=(.//*[normalize-space(text()) and normalize-space(.)='Investment Return Calculator'])[1]/following::div[2]") FAILED.
Reason:
com.thoughtworks.selenium.SeleniumException: Element xpath=(.//*[normalize-space(text()) and normalize-space(.)='Investment Return Calculator'])[1]/following::div[2] not found
	at com.thoughtworks.selenium.webdriven.ElementFinder.findElement(ElementFinder.java:93)
	at com.thoughtworks.selenium.webdriven.commands.Click.handleSeleneseCommand(Click.java:39)
	at com.thoughtworks.selenium.webdriven.commands.Click.handleSeleneseCommand(Click.java:26)
	at com.thoughtworks.selenium.webdriven.SeleneseCommand.apply(SeleneseCommand.java:36)
	at com.thoughtworks.selenium.webdriven.Timer.run(Timer.java:41)
	at com.thoughtworks.selenium.webdriven.WebDriverCommandProcessor.execute(WebDriverCommandProcessor.java:150)
	at com.thoughtworks.selenium.webdriven.WebDriverCommandProcessor.doCommand(WebDriverCommandProcessor.java:76)
	at com.thoughtworks.selenium.DefaultSelenium.click(DefaultSelenium.java:198)
	at com.thoughtworks.selenium.Selenium$click$0.call(Unknown Source)
	at Prod_MutualFund.run(Prod_MutualFund:37)
	at com.kms.katalon.core.main.ScriptEngine.run(ScriptEngine.java:194)
	at com.kms.katalon.core.main.ScriptEngine.runScriptAsRawText(ScriptEngine.java:119)
	at com.kms.katalon.core.main.TestCaseExecutor.runScript(TestCaseExecutor.java:342)
	at com.kms.katalon.core.main.TestCaseExecutor.doExecute(TestCaseExecutor.java:333)
	at com.kms.katalon.core.main.TestCaseExecutor.processExecutionPhase(TestCaseExecutor.java:312)
	at com.kms.katalon.core.main.TestCaseExecutor.accessMainPhase(TestCaseExecutor.java:304)
	at com.kms.katalon.core.main.TestCaseExecutor.execute(TestCaseExecutor.java:238)
	at com.kms.katalon.core.main.TestSuiteExecutor.accessTestCaseMainPhase(TestSuiteExecutor.java:129)
	at com.kms.katalon.core.main.TestSuiteExecutor.accessTestSuiteMainPhase(TestSuiteExecutor.java:112)
	at com.kms.katalon.core.main.TestSuiteExecutor.execute(TestSuiteExecutor.java:81)
	at com.kms.katalon.core.main.TestCaseMain.startTestSuite(TestCaseMain.java:157)
	at com.kms.katalon.core.main.TestCaseMain$startTestSuite$0.call(Unknown Source)
	at TempTestSuite1555603178299.run(TempTestSuite1555603178299.groovy:35)
Caused by: org.openqa.selenium.NoSuchElementException: Cannot find an element with the xpath: (.//*[normalize-space(text()) and normalize-space(.)='Investment Return Calculator'])[1]/following::div[2]
For documentation on this error, please visit: http://seleniumhq.org/exceptions/no_such_element.html
Build info: version: '3.7.1', revision: '8a0099a', time: '2017-11-06T21:07:36.161Z'
System info: host: 'M-1719', ip: 'fe80:0:0:0:1804:679b:94b1:c741%en0', os.name: 'Mac OS X', os.arch: 'x86_64', os.version: '10.13.6', java.version: '1.8.0_181'
Driver info: driver.version: unknown
	at com.thoughtworks.selenium.webdriven.ElementFinder.xpathWizardry(ElementFinder.java:143)
	at com.thoughtworks.selenium.webdriven.ElementFinder.findElementDirectlyIfNecessary(ElementFinder.java:114)
	at com.thoughtworks.selenium.webdriven.ElementFinder.findElement(ElementFinder.java:87)
	at com.thoughtworks.selenium.webdriven.commands.Click.handleSeleneseCommand(Click.java:39)
	at com.thoughtworks.selenium.webdriven.commands.Click.handleSeleneseCommand(Click.java:26)
	at com.thoughtworks.selenium.webdriven.SeleneseCommand.apply(SeleneseCommand.java:36)
	at com.thoughtworks.selenium.webdriven.Timer.run(Timer.java:41)
	at com.thoughtworks.selenium.webdriven.WebDriverCommandProcessor.execute(WebDriverCommandProcessor.java:150)
	at com.thoughtworks.selenium.webdriven.WebDriverCommandProcessor.doCommand(WebDriverCommandProcessor.java:76)
	at com.thoughtworks.selenium.DefaultSelenium.click(DefaultSelenium.java:198)
	at com.thoughtworks.selenium.Selenium$click$0.call(Unknown Source)
	at Script1555597486267.run(Script1555597486267.groovy:37)
	... 13 more


2019-04-18 11:59:58 - [MESSAGE][ERROR] - selenium.click("xpath=(.//*[normalize-space(text()) and normalize-space(.)='Investment Return Calculator'])[1]/following::div[2]") FAILED.
Reason:
com.thoughtworks.selenium.SeleniumException: Element xpath=(.//*[normalize-space(text()) and normalize-space(.)='Investment Return Calculator'])[1]/following::div[2] not found
	at com.thoughtworks.selenium.webdriven.ElementFinder.findElement(ElementFinder.java:93)
	at com.thoughtworks.selenium.webdriven.commands.Click.handleSeleneseCommand(Click.java:39)
	at com.thoughtworks.selenium.webdriven.commands.Click.handleSeleneseCommand(Click.java:26)
	at com.thoughtworks.selenium.webdriven.SeleneseCommand.apply(SeleneseCommand.java:36)
	at com.thoughtworks.selenium.webdriven.Timer.run(Timer.java:41)
	at com.thoughtworks.selenium.webdriven.WebDriverCommandProcessor.execute(WebDriverCommandProcessor.java:150)
	at com.thoughtworks.selenium.webdriven.WebDriverCommandProcessor.doCommand(WebDriverCommandProcessor.java:76)
	at com.thoughtworks.selenium.DefaultSelenium.click(DefaultSelenium.java:198)
	at com.thoughtworks.selenium.Selenium$click$0.call(Unknown Source)
	at Prod_MutualFund.run(Prod_MutualFund:37)
	at com.kms.katalon.core.main.ScriptEngine.run(ScriptEngine.java:194)
	at com.kms.katalon.core.main.ScriptEngine.runScriptAsRawText(ScriptEngine.java:119)
	at com.kms.katalon.core.main.TestCaseExecutor.runScript(TestCaseExecutor.java:342)
	at com.kms.katalon.core.main.TestCaseExecutor.doExecute(TestCaseExecutor.java:333)
	at com.kms.katalon.core.main.TestCaseExecutor.processExecutionPhase(TestCaseExecutor.java:312)
	at com.kms.katalon.core.main.TestCaseExecutor.accessMainPhase(TestCaseExecutor.java:304)
	at com.kms.katalon.core.main.TestCaseExecutor.execute(TestCaseExecutor.java:238)
	at com.kms.katalon.core.main.TestSuiteExecutor.accessTestCaseMainPhase(TestSuiteExecutor.java:129)
	at com.kms.katalon.core.main.TestSuiteExecutor.accessTestSuiteMainPhase(TestSuiteExecutor.java:112)
	at com.kms.katalon.core.main.TestSuiteExecutor.execute(TestSuiteExecutor.java:81)
	at com.kms.katalon.core.main.TestCaseMain.startTestSuite(TestCaseMain.java:157)
	at com.kms.katalon.core.main.TestCaseMain$startTestSuite$0.call(Unknown Source)
	at TempTestSuite1555603178299.run(TempTestSuite1555603178299.groovy:35)
Caused by: org.openqa.selenium.NoSuchElementException: Cannot find an element with the xpath: (.//*[normalize-space(text()) and normalize-space(.)='Investment Return Calculator'])[1]/following::div[2]
For documentation on this error, please visit: http://seleniumhq.org/exceptions/no_such_element.html
Build info: version: '3.7.1', revision: '8a0099a', time: '2017-11-06T21:07:36.161Z'
System info: host: 'M-1719', ip: 'fe80:0:0:0:1804:679b:94b1:c741%en0', os.name: 'Mac OS X', os.arch: 'x86_64', os.version: '10.13.6', java.version: '1.8.0_181'
Driver info: driver.version: unknown
	at com.thoughtworks.selenium.webdriven.ElementFinder.xpathWizardry(ElementFinder.java:143)
	at com.thoughtworks.selenium.webdriven.ElementFinder.findElementDirectlyIfNecessary(ElementFinder.java:114)
	at com.thoughtworks.selenium.webdriven.ElementFinder.findElement(ElementFinder.java:87)
	at com.thoughtworks.selenium.webdriven.commands.Click.handleSeleneseCommand(Click.java:39)
	at com.thoughtworks.selenium.webdriven.commands.Click.handleSeleneseCommand(Click.java:26)
	at com.thoughtworks.selenium.webdriven.SeleneseCommand.apply(SeleneseCommand.java:36)
	at com.thoughtworks.selenium.webdriven.Timer.run(Timer.java:41)
	at com.thoughtworks.selenium.webdriven.WebDriverCommandProcessor.execute(WebDriverCommandProcessor.java:150)
	at com.thoughtworks.selenium.webdriven.WebDriverCommandProcessor.doCommand(WebDriverCommandProcessor.java:76)
	at com.thoughtworks.selenium.DefaultSelenium.click(DefaultSelenium.java:198)
	at com.thoughtworks.selenium.Selenium$click$0.call(Unknown Source)
	at Script1555597486267.run(Script1555597486267.groovy:37)
	... 13 more]]></system-out>
         <system-err><![CDATA[2019-04-18 11:59:48 - [TEST_CASE][ERROR] - Test Cases/Prod_MutualFund: Test Cases/Prod_MutualFund FAILED.
Reason:
com.thoughtworks.selenium.SeleniumException: Element xpath=(.//*[normalize-space(text()) and normalize-space(.)='Investment Return Calculator'])[1]/following::div[2] not found
	at com.thoughtworks.selenium.webdriven.ElementFinder.findElement(ElementFinder.java:93)
	at com.thoughtworks.selenium.webdriven.commands.Click.handleSeleneseCommand(Click.java:39)
	at com.thoughtworks.selenium.webdriven.commands.Click.handleSeleneseCommand(Click.java:26)
	at com.thoughtworks.selenium.webdriven.SeleneseCommand.apply(SeleneseCommand.java:36)
	at com.thoughtworks.selenium.webdriven.Timer.run(Timer.java:41)
	at com.thoughtworks.selenium.webdriven.WebDriverCommandProcessor.execute(WebDriverCommandProcessor.java:150)
	at com.thoughtworks.selenium.webdriven.WebDriverCommandProcessor.doCommand(WebDriverCommandProcessor.java:76)
	at com.thoughtworks.selenium.DefaultSelenium.click(DefaultSelenium.java:198)
	at com.thoughtworks.selenium.Selenium$click$0.call(Unknown Source)
	at Prod_MutualFund.run(Prod_MutualFund:37)
	at com.kms.katalon.core.main.ScriptEngine.run(ScriptEngine.java:194)
	at com.kms.katalon.core.main.ScriptEngine.runScriptAsRawText(ScriptEngine.java:119)
	at com.kms.katalon.core.main.TestCaseExecutor.runScript(TestCaseExecutor.java:342)
	at com.kms.katalon.core.main.TestCaseExecutor.doExecute(TestCaseExecutor.java:333)
	at com.kms.katalon.core.main.TestCaseExecutor.processExecutionPhase(TestCaseExecutor.java:312)
	at com.kms.katalon.core.main.TestCaseExecutor.accessMainPhase(TestCaseExecutor.java:304)
	at com.kms.katalon.core.main.TestCaseExecutor.execute(TestCaseExecutor.java:238)
	at com.kms.katalon.core.main.TestSuiteExecutor.accessTestCaseMainPhase(TestSuiteExecutor.java:129)
	at com.kms.katalon.core.main.TestSuiteExecutor.accessTestSuiteMainPhase(TestSuiteExecutor.java:112)
	at com.kms.katalon.core.main.TestSuiteExecutor.execute(TestSuiteExecutor.java:81)
	at com.kms.katalon.core.main.TestCaseMain.startTestSuite(TestCaseMain.java:157)
	at com.kms.katalon.core.main.TestCaseMain$startTestSuite$0.call(Unknown Source)
	at TempTestSuite1555603178299.run(TempTestSuite1555603178299.groovy:35)
Caused by: org.openqa.selenium.NoSuchElementException: Cannot find an element with the xpath: (.//*[normalize-space(text()) and normalize-space(.)='Investment Return Calculator'])[1]/following::div[2]
For documentation on this error, please visit: http://seleniumhq.org/exceptions/no_such_element.html
Build info: version: '3.7.1', revision: '8a0099a', time: '2017-11-06T21:07:36.161Z'
System info: host: 'M-1719', ip: 'fe80:0:0:0:1804:679b:94b1:c741%en0', os.name: 'Mac OS X', os.arch: 'x86_64', os.version: '10.13.6', java.version: '1.8.0_181'
Driver info: driver.version: unknown
	at com.thoughtworks.selenium.webdriven.ElementFinder.xpathWizardry(ElementFinder.java:143)
	at com.thoughtworks.selenium.webdriven.ElementFinder.findElementDirectlyIfNecessary(ElementFinder.java:114)
	at com.thoughtworks.selenium.webdriven.ElementFinder.findElement(ElementFinder.java:87)
	at com.thoughtworks.selenium.webdriven.commands.Click.handleSeleneseCommand(Click.java:39)
	at com.thoughtworks.selenium.webdriven.commands.Click.handleSeleneseCommand(Click.java:26)
	at com.thoughtworks.selenium.webdriven.SeleneseCommand.apply(SeleneseCommand.java:36)
	at com.thoughtworks.selenium.webdriven.Timer.run(Timer.java:41)
	at com.thoughtworks.selenium.webdriven.WebDriverCommandProcessor.execute(WebDriverCommandProcessor.java:150)
	at com.thoughtworks.selenium.webdriven.WebDriverCommandProcessor.doCommand(WebDriverCommandProcessor.java:76)
	at com.thoughtworks.selenium.DefaultSelenium.click(DefaultSelenium.java:198)
	at com.thoughtworks.selenium.Selenium$click$0.call(Unknown Source)
	at Script1555597486267.run(Script1555597486267.groovy:37)
	... 13 more]]></system-err>
      </testcase>
      <testcase name="Test Cases/Prod_DividendReinvestment" classname="Test Cases/Prod_DividendReinvestment" status="PASSED">
         <system-out><![CDATA[2019-04-18 11:59:58 - [TEST_CASE][PASSED] - Test Cases/Prod_DividendReinvestment: Test Cases/Prod_DividendReinvestment

2019-04-18 11:59:58 - [TEST_STEP][PASSED] - openBrowser("https://wealthyretirement.com/dividend-reinvestment-calculator/"): Browser is opened with url: 'https://wealthyretirement.com/dividend-reinvestment-calculator/'

2019-04-18 11:59:58 - [MESSAGE][WARNING] - A browser is already opened. Closing browser and opening a new one

2019-04-18 11:59:58 - [MESSAGE][INFO] - Starting 'Chrome' driver

2019-04-18 12:00:02 - [MESSAGE][PASSED] - Browser is opened with url: 'https://wealthyretirement.com/dividend-reinvestment-calculator/'

2019-04-18 12:00:02 - [TEST_STEP][PASSED] - driver = getWebDriver(): null

2019-04-18 12:00:02 - [TEST_STEP][PASSED] - baseUrl = "https://wealthyretirement.com/dividend-reinvestment-calculator/": null

2019-04-18 12:00:02 - [TEST_STEP][PASSED] - selenium = new com.thoughtworks.selenium.webdriven.WebDriverBackedSelenium(driver, baseUrl): null

2019-04-18 12:00:02 - [TEST_STEP][PASSED] - selenium.open("https://wealthyretirement.com/dividend-reinvestment-calculator/"): null

2019-04-18 12:00:03 - [TEST_STEP][PASSED] - selenium.click("id=initialNumberOfShares"): null

2019-04-18 12:00:04 - [TEST_STEP][PASSED] - selenium.type("id=initialNumberOfShares", "300"): null

2019-04-18 12:00:04 - [TEST_STEP][PASSED] - selenium.click("id=initialPriceOfShares"): null

2019-04-18 12:00:04 - [TEST_STEP][PASSED] - selenium.type("id=initialPriceOfShares", "200"): null

2019-04-18 12:00:04 - [TEST_STEP][PASSED] - selenium.click("id=annualDividend"): null

2019-04-18 12:00:04 - [TEST_STEP][PASSED] - selenium.type("id=annualDividend", "30,000"): null

2019-04-18 12:00:04 - [TEST_STEP][PASSED] - selenium.click("id=dividendAnnualGrowthRate"): null

2019-04-18 12:00:04 - [TEST_STEP][PASSED] - selenium.type("id=dividendAnnualGrowthRate", "4"): null

2019-04-18 12:00:04 - [TEST_STEP][PASSED] - selenium.click("id=stockPriceAnnualGrowthRate"): null

2019-04-18 12:00:04 - [TEST_STEP][PASSED] - selenium.type("id=stockPriceAnnualGrowthRate", "5"): null

2019-04-18 12:00:04 - [TEST_STEP][PASSED] - selenium.click("id=numberOfYears"): null

2019-04-18 12:00:04 - [TEST_STEP][PASSED] - selenium.type("id=numberOfYears", "2"): null

2019-04-18 12:00:04 - [TEST_STEP][PASSED] - selenium.click("id=numOfReinvestmentPerYear"): null

2019-04-18 12:00:04 - [TEST_STEP][PASSED] - selenium.select("id=numOfReinvestmentPerYear", "label=3"): null

2019-04-18 12:00:04 - [TEST_STEP][PASSED] - selenium.click("id=dividend-reinvestment-calculate"): null

2019-04-18 12:00:05 - [TEST_STEP][PASSED] - takeScreenshot("/Users/sthokala/Documents/ProdDRCalculator.png"): Taking screenshot successfully

2019-04-18 12:00:05 - [MESSAGE][PASSED] - Taking screenshot successfully
[[ATTACHMENT|/Users/sthokala/Documents/ProdDRCalculator.png]]

2019-04-18 12:00:05 - [TEST_STEP][PASSED] - selenium.close(): null]]></system-out>
         <system-err><![CDATA[]]></system-err>
      </testcase>
      <system-out><![CDATA[2019-04-18 11:59:39 - [TEST_SUITE][ERROR] - Calculators: Test Cases/Prod_MutualFund FAILED.
Reason:
com.thoughtworks.selenium.SeleniumException: Element xpath=(.//*[normalize-space(text()) and normalize-space(.)='Investment Return Calculator'])[1]/following::div[2] not found
	at com.thoughtworks.selenium.webdriven.ElementFinder.findElement(ElementFinder.java:93)
	at com.thoughtworks.selenium.webdriven.commands.Click.handleSeleneseCommand(Click.java:39)
	at com.thoughtworks.selenium.webdriven.commands.Click.handleSeleneseCommand(Click.java:26)
	at com.thoughtworks.selenium.webdriven.SeleneseCommand.apply(SeleneseCommand.java:36)
	at com.thoughtworks.selenium.webdriven.Timer.run(Timer.java:41)
	at com.thoughtworks.selenium.webdriven.WebDriverCommandProcessor.execute(WebDriverCommandProcessor.java:150)
	at com.thoughtworks.selenium.webdriven.WebDriverCommandProcessor.doCommand(WebDriverCommandProcessor.java:76)
	at com.thoughtworks.selenium.DefaultSelenium.click(DefaultSelenium.java:198)
	at com.thoughtworks.selenium.Selenium$click$0.call(Unknown Source)
	at Prod_MutualFund.run(Prod_MutualFund:37)
	at com.kms.katalon.core.main.ScriptEngine.run(ScriptEngine.java:194)
	at com.kms.katalon.core.main.ScriptEngine.runScriptAsRawText(ScriptEngine.java:119)
	at com.kms.katalon.core.main.TestCaseExecutor.runScript(TestCaseExecutor.java:342)
	at com.kms.katalon.core.main.TestCaseExecutor.doExecute(TestCaseExecutor.java:333)
	at com.kms.katalon.core.main.TestCaseExecutor.processExecutionPhase(TestCaseExecutor.java:312)
	at com.kms.katalon.core.main.TestCaseExecutor.accessMainPhase(TestCaseExecutor.java:304)
	at com.kms.katalon.core.main.TestCaseExecutor.execute(TestCaseExecutor.java:238)
	at com.kms.katalon.core.main.TestSuiteExecutor.accessTestCaseMainPhase(TestSuiteExecutor.java:129)
	at com.kms.katalon.core.main.TestSuiteExecutor.accessTestSuiteMainPhase(TestSuiteExecutor.java:112)
	at com.kms.katalon.core.main.TestSuiteExecutor.execute(TestSuiteExecutor.java:81)
	at com.kms.katalon.core.main.TestCaseMain.startTestSuite(TestCaseMain.java:157)
	at com.kms.katalon.core.main.TestCaseMain$startTestSuite$0.call(Unknown Source)
	at TempTestSuite1555603178299.run(TempTestSuite1555603178299.groovy:35)
Caused by: org.openqa.selenium.NoSuchElementException: Cannot find an element with the xpath: (.//*[normalize-space(text()) and normalize-space(.)='Investment Return Calculator'])[1]/following::div[2]
For documentation on this error, please visit: http://seleniumhq.org/exceptions/no_such_element.html
Build info: version: '3.7.1', revision: '8a0099a', time: '2017-11-06T21:07:36.161Z'
System info: host: 'M-1719', ip: 'fe80:0:0:0:1804:679b:94b1:c741%en0', os.name: 'Mac OS X', os.arch: 'x86_64', os.version: '10.13.6', java.version: '1.8.0_181'
Driver info: driver.version: unknown
	at com.thoughtworks.selenium.webdriven.ElementFinder.xpathWizardry(ElementFinder.java:143)
	at com.thoughtworks.selenium.webdriven.ElementFinder.findElementDirectlyIfNecessary(ElementFinder.java:114)
	at com.thoughtworks.selenium.webdriven.ElementFinder.findElement(ElementFinder.java:87)
	at com.thoughtworks.selenium.webdriven.commands.Click.handleSeleneseCommand(Click.java:39)
	at com.thoughtworks.selenium.webdriven.commands.Click.handleSeleneseCommand(Click.java:26)
	at com.thoughtworks.selenium.webdriven.SeleneseCommand.apply(SeleneseCommand.java:36)
	at com.thoughtworks.selenium.webdriven.Timer.run(Timer.java:41)
	at com.thoughtworks.selenium.webdriven.WebDriverCommandProcessor.execute(WebDriverCommandProcessor.java:150)
	at com.thoughtworks.selenium.webdriven.WebDriverCommandProcessor.doCommand(WebDriverCommandProcessor.java:76)
	at com.thoughtworks.selenium.DefaultSelenium.click(DefaultSelenium.java:198)
	at com.thoughtworks.selenium.Selenium$click$0.call(Unknown Source)
	at Script1555597486267.run(Script1555597486267.groovy:37)
	... 13 more]]></system-out>
      <system-err><![CDATA[2019-04-18 11:59:39 - [TEST_SUITE][ERROR] - Calculators: Test Cases/Prod_MutualFund FAILED.
Reason:
com.thoughtworks.selenium.SeleniumException: Element xpath=(.//*[normalize-space(text()) and normalize-space(.)='Investment Return Calculator'])[1]/following::div[2] not found
	at com.thoughtworks.selenium.webdriven.ElementFinder.findElement(ElementFinder.java:93)
	at com.thoughtworks.selenium.webdriven.commands.Click.handleSeleneseCommand(Click.java:39)
	at com.thoughtworks.selenium.webdriven.commands.Click.handleSeleneseCommand(Click.java:26)
	at com.thoughtworks.selenium.webdriven.SeleneseCommand.apply(SeleneseCommand.java:36)
	at com.thoughtworks.selenium.webdriven.Timer.run(Timer.java:41)
	at com.thoughtworks.selenium.webdriven.WebDriverCommandProcessor.execute(WebDriverCommandProcessor.java:150)
	at com.thoughtworks.selenium.webdriven.WebDriverCommandProcessor.doCommand(WebDriverCommandProcessor.java:76)
	at com.thoughtworks.selenium.DefaultSelenium.click(DefaultSelenium.java:198)
	at com.thoughtworks.selenium.Selenium$click$0.call(Unknown Source)
	at Prod_MutualFund.run(Prod_MutualFund:37)
	at com.kms.katalon.core.main.ScriptEngine.run(ScriptEngine.java:194)
	at com.kms.katalon.core.main.ScriptEngine.runScriptAsRawText(ScriptEngine.java:119)
	at com.kms.katalon.core.main.TestCaseExecutor.runScript(TestCaseExecutor.java:342)
	at com.kms.katalon.core.main.TestCaseExecutor.doExecute(TestCaseExecutor.java:333)
	at com.kms.katalon.core.main.TestCaseExecutor.processExecutionPhase(TestCaseExecutor.java:312)
	at com.kms.katalon.core.main.TestCaseExecutor.accessMainPhase(TestCaseExecutor.java:304)
	at com.kms.katalon.core.main.TestCaseExecutor.execute(TestCaseExecutor.java:238)
	at com.kms.katalon.core.main.TestSuiteExecutor.accessTestCaseMainPhase(TestSuiteExecutor.java:129)
	at com.kms.katalon.core.main.TestSuiteExecutor.accessTestSuiteMainPhase(TestSuiteExecutor.java:112)
	at com.kms.katalon.core.main.TestSuiteExecutor.execute(TestSuiteExecutor.java:81)
	at com.kms.katalon.core.main.TestCaseMain.startTestSuite(TestCaseMain.java:157)
	at com.kms.katalon.core.main.TestCaseMain$startTestSuite$0.call(Unknown Source)
	at TempTestSuite1555603178299.run(TempTestSuite1555603178299.groovy:35)
Caused by: org.openqa.selenium.NoSuchElementException: Cannot find an element with the xpath: (.//*[normalize-space(text()) and normalize-space(.)='Investment Return Calculator'])[1]/following::div[2]
For documentation on this error, please visit: http://seleniumhq.org/exceptions/no_such_element.html
Build info: version: '3.7.1', revision: '8a0099a', time: '2017-11-06T21:07:36.161Z'
System info: host: 'M-1719', ip: 'fe80:0:0:0:1804:679b:94b1:c741%en0', os.name: 'Mac OS X', os.arch: 'x86_64', os.version: '10.13.6', java.version: '1.8.0_181'
Driver info: driver.version: unknown
	at com.thoughtworks.selenium.webdriven.ElementFinder.xpathWizardry(ElementFinder.java:143)
	at com.thoughtworks.selenium.webdriven.ElementFinder.findElementDirectlyIfNecessary(ElementFinder.java:114)
	at com.thoughtworks.selenium.webdriven.ElementFinder.findElement(ElementFinder.java:87)
	at com.thoughtworks.selenium.webdriven.commands.Click.handleSeleneseCommand(Click.java:39)
	at com.thoughtworks.selenium.webdriven.commands.Click.handleSeleneseCommand(Click.java:26)
	at com.thoughtworks.selenium.webdriven.SeleneseCommand.apply(SeleneseCommand.java:36)
	at com.thoughtworks.selenium.webdriven.Timer.run(Timer.java:41)
	at com.thoughtworks.selenium.webdriven.WebDriverCommandProcessor.execute(WebDriverCommandProcessor.java:150)
	at com.thoughtworks.selenium.webdriven.WebDriverCommandProcessor.doCommand(WebDriverCommandProcessor.java:76)
	at com.thoughtworks.selenium.DefaultSelenium.click(DefaultSelenium.java:198)
	at com.thoughtworks.selenium.Selenium$click$0.call(Unknown Source)
	at Script1555597486267.run(Script1555597486267.groovy:37)
	... 13 more]]></system-err>
   </testsuite>
</testsuites>
